C:\Program Files\Microsoft Visual Studio\2022\Community\MSBuild\Microsoft\VC\v170\Microsoft.CppBuild.targets(517,5): warning MSB8004: El directorio Output no termina con una barra diagonal final. Esta instancia de compilación agregará la barra diagonal porque es necesaria para que se pueda evaluar correctamente el directorio Output.
  MisilesUtils.cpp
C:\Users\pk\Desktop\Tpv2-piña\practica01-extensiones\TPV2\TPV2\TPV2\src\game\MisilesUtils.h(2,10): error C1083: No se puede abrir el archivo incluir: '../': No such file or directory
  (compilando archivo de origen "src/game/MisilesUtils.cpp")
  
  RunningState.cpp
C:\Users\pk\Desktop\Tpv2-piña\practica01-extensiones\TPV2\TPV2\TPV2\src\game\RunningState.cpp(113,8): warning C4244: 'argumento': conversión de 'int' a 'float'; posible pérdida de datos
C:\Users\pk\Desktop\Tpv2-piña\practica01-extensiones\TPV2\TPV2\TPV2\src\game\RunningState.cpp(112,8): warning C4244: 'argumento': conversión de 'int' a 'float'; posible pérdida de datos
C:\Users\pk\Desktop\Tpv2-piña\practica01-extensiones\TPV2\TPV2\TPV2\src\sdlutils\SDLUtils.h(51,32): warning C4101: 'e': variable local sin referencia
  (compilando archivo de origen "src/game/RunningState.cpp")
  C:\Users\pk\Desktop\Tpv2-piña\practica01-extensiones\TPV2\TPV2\TPV2\src\sdlutils\SDLUtils.h(51,32):
  el contexto de creación de instancias de la plantilla (el más antiguo primero) es
  	C:\Users\pk\Desktop\Tpv2-piña\practica01-extensiones\TPV2\TPV2\TPV2\src\sdlutils\SDLUtils.h(201,34):
  	Vea la referencia a la creación de una instancia de clase plantilla "SDLUtils::map_access_wrapper<SoundEffect>" que se está compilando
  	C:\Users\pk\Desktop\Tpv2-piña\practica01-extensiones\TPV2\TPV2\TPV2\src\sdlutils\SDLUtils.h(48,13):
  	al compilar la función del miembro clase plantilla "T &SDLUtils::map_access_wrapper<T>::at(const std::string &)"
          with
          [
              T=SoundEffect
          ]
  		C:\Users\pk\Desktop\Tpv2-piña\practica01-extensiones\TPV2\TPV2\TPV2\src\game\RunningState.cpp(121,52):
  		vea la primera referencia a “SDLUtils::map_access_wrapper<SoundEffect>::at” en “RunningState::checkCollisions”
  
  Generando código...
