c:\users\pk\desktop\tpv2-piña\practica01-entrega\tpv2-01\tpv2\tpv2\x64\debug\vc143.pdb
c:\users\pk\desktop\tpv2-piña\practica01-entrega\tpv2-01\tpv2\tpv2\x64\debug\vc143.idb
c:\users\pk\desktop\tpv2-piña\practica01-entrega\tpv2-01\tpv2\tpv2\x64\debug\vector2d.obj
c:\users\pk\desktop\tpv2-piña\practica01-entrega\tpv2-01\tpv2\tpv2\x64\debug\collisions.obj
c:\users\pk\desktop\tpv2-piña\practica01-entrega\tpv2-01\tpv2\tpv2\x64\debug\texture.obj
c:\users\pk\desktop\tpv2-piña\practica01-entrega\tpv2-01\tpv2\tpv2\x64\debug\soundeffect.obj
c:\users\pk\desktop\tpv2-piña\practica01-entrega\tpv2-01\tpv2\tpv2\x64\debug\sdlutils_demo.obj
c:\users\pk\desktop\tpv2-piña\practica01-entrega\tpv2-01\tpv2\tpv2\x64\debug\sdlutils.obj
c:\users\pk\desktop\tpv2-piña\practica01-entrega\tpv2-01\tpv2\tpv2\x64\debug\main.obj
c:\users\pk\desktop\tpv2-piña\practica01-entrega\tpv2-01\tpv2\tpv2\x64\debug\json_demo.obj
c:\users\pk\desktop\tpv2-piña\practica01-entrega\tpv2-01\tpv2\tpv2\x64\debug\jsonvalue.obj
c:\users\pk\desktop\tpv2-piña\practica01-entrega\tpv2-01\tpv2\tpv2\x64\debug\json.obj
c:\users\pk\desktop\tpv2-piña\practica01-entrega\tpv2-01\tpv2\tpv2\x64\debug\game.obj
c:\users\pk\desktop\tpv2-piña\practica01-entrega\tpv2-01\tpv2\tpv2\x64\debug\manager.obj
c:\users\pk\desktop\tpv2-piña\practica01-entrega\tpv2-01\tpv2\tpv2\x64\debug\stoponborders.obj
c:\users\pk\desktop\tpv2-piña\practica01-entrega\tpv2-01\tpv2\tpv2\x64\debug\starmotion.obj
c:\users\pk\desktop\tpv2-piña\practica01-entrega\tpv2-01\tpv2\tpv2\x64\debug\pacmanctrl.obj
c:\users\pk\desktop\tpv2-piña\practica01-entrega\tpv2-01\tpv2\tpv2\x64\debug\image.obj
c:\users\pk\desktop\tpv2-piña\practica01-entrega\tpv2-01\tpv2\tpv2\x64\debug\gamectrl.obj
c:\users\pk\desktop\tpv2-piña\practica01-entrega\tpv2-01\tpv2\tpv2\x64\debug\tpv2debug.ilk
c:\users\pk\desktop\tpv2-piña\practica01-entrega\tpv2-01\tpv2\bin\tpv2debug.exe
c:\users\pk\desktop\tpv2-piña\practica01-entrega\tpv2-01\tpv2\bin\tpv2debug.pdb
c:\users\pk\desktop\tpv2-piña\practica01-entrega\tpv2-01\tpv2\tpv2\x64\debug\tpv2.tlog\cl.command.1.tlog
c:\users\pk\desktop\tpv2-piña\practica01-entrega\tpv2-01\tpv2\tpv2\x64\debug\tpv2.tlog\cl.items.tlog
c:\users\pk\desktop\tpv2-piña\practica01-entrega\tpv2-01\tpv2\tpv2\x64\debug\tpv2.tlog\cl.read.1.tlog
c:\users\pk\desktop\tpv2-piña\practica01-entrega\tpv2-01\tpv2\tpv2\x64\debug\tpv2.tlog\cl.write.1.tlog
c:\users\pk\desktop\tpv2-piña\practica01-entrega\tpv2-01\tpv2\tpv2\x64\debug\tpv2.tlog\link.command.1.tlog
c:\users\pk\desktop\tpv2-piña\practica01-entrega\tpv2-01\tpv2\tpv2\x64\debug\tpv2.tlog\link.read.1.tlog
c:\users\pk\desktop\tpv2-piña\practica01-entrega\tpv2-01\tpv2\tpv2\x64\debug\tpv2.tlog\link.write.1.tlog
