C:\Program Files\Microsoft Visual Studio\2022\Community\MSBuild\Microsoft\VC\v170\Microsoft.CppBuild.targets(517,5): warning MSB8004: El directorio Output no termina con una barra diagonal final. Esta instancia de compilación agregará la barra diagonal porque es necesaria para que se pueda evaluar correctamente el directorio Output.
  GameCtrl.cpp
C:\Users\pk\Desktop\Tpv2-piña\practica01-entrega\TPV2-01\TPV2\TPV2\src\components\GameCtrl.cpp(47,19): warning C4244: 'argumento': conversión de 'int' a 'float'; posible pérdida de datos
C:\Users\pk\Desktop\Tpv2-piña\practica01-entrega\TPV2-01\TPV2\TPV2\src\components\GameCtrl.cpp(46,18): warning C4244: 'argumento': conversión de 'int' a 'float'; posible pérdida de datos
C:\Users\pk\Desktop\Tpv2-piña\practica01-entrega\TPV2-01\TPV2\TPV2\src\components\GameCtrl.cpp(73,24): warning C4244: 'argumento': conversión de 'int' a 'float'; posible pérdida de datos
C:\Users\pk\Desktop\Tpv2-piña\practica01-entrega\TPV2-01\TPV2\TPV2\src\components\GameCtrl.cpp(73,21): warning C4244: 'argumento': conversión de 'int' a 'float'; posible pérdida de datos
C:\Users\pk\Desktop\Tpv2-piña\practica01-entrega\TPV2-01\TPV2\TPV2\src\components\GameCtrl.cpp(73,43): warning C4244: 'argumento': conversión de 'int' a 'float'; posible pérdida de datos
C:\Users\pk\Desktop\Tpv2-piña\practica01-entrega\TPV2-01\TPV2\TPV2\src\components\GameCtrl.cpp(73,40): warning C4244: 'argumento': conversión de 'int' a 'float'; posible pérdida de datos
C:\Users\pk\Desktop\Tpv2-piña\practica01-entrega\TPV2-01\TPV2\TPV2\src\sdlutils\SDLUtils.h(51,32): warning C4101: 'e': variable local sin referencia
  (compilando archivo de origen "src/components/GameCtrl.cpp")
  C:\Users\pk\Desktop\Tpv2-piña\practica01-entrega\TPV2-01\TPV2\TPV2\src\sdlutils\SDLUtils.h(51,32):
  el contexto de creación de instancias de la plantilla (el más antiguo primero) es
  	C:\Users\pk\Desktop\Tpv2-piña\practica01-entrega\TPV2-01\TPV2\TPV2\src\sdlutils\SDLUtils.h(199,30):
  	Vea la referencia a la creación de una instancia de clase plantilla "SDLUtils::map_access_wrapper<Texture>" que se está compilando
  	C:\Users\pk\Desktop\Tpv2-piña\practica01-entrega\TPV2-01\TPV2\TPV2\src\sdlutils\SDLUtils.h(48,13):
  	al compilar la función del miembro clase plantilla "T &SDLUtils::map_access_wrapper<T>::at(const std::string &)"
          with
          [
              T=Texture
          ]
  		C:\Users\pk\Desktop\Tpv2-piña\practica01-entrega\TPV2-01\TPV2\TPV2\src\components\GameCtrl.cpp(52,41):
  		vea la primera referencia a “SDLUtils::map_access_wrapper<Texture>::at” en “GameCtrl::render”
  
  Image.cpp
  PacManCtrl.cpp
  StarMotion.cpp
  StopOnBorders.cpp
  Manager.cpp
  Game.cpp
C:\Users\pk\Desktop\Tpv2-piña\practica01-entrega\TPV2-01\TPV2\TPV2\src\sdlutils\SDLUtils.h(51,32): warning C4101: 'e': variable local sin referencia
  (compilando archivo de origen "src/game/Game.cpp")
  C:\Users\pk\Desktop\Tpv2-piña\practica01-entrega\TPV2-01\TPV2\TPV2\src\sdlutils\SDLUtils.h(51,32):
  el contexto de creación de instancias de la plantilla (el más antiguo primero) es
  	C:\Users\pk\Desktop\Tpv2-piña\practica01-entrega\TPV2-01\TPV2\TPV2\src\sdlutils\SDLUtils.h(201,34):
  	Vea la referencia a la creación de una instancia de clase plantilla "SDLUtils::map_access_wrapper<SoundEffect>" que se está compilando
  	C:\Users\pk\Desktop\Tpv2-piña\practica01-entrega\TPV2-01\TPV2\TPV2\src\sdlutils\SDLUtils.h(48,13):
  	al compilar la función del miembro clase plantilla "T &SDLUtils::map_access_wrapper<T>::at(const std::string &)"
          with
          [
              T=SoundEffect
          ]
  		C:\Users\pk\Desktop\Tpv2-piña\practica01-entrega\TPV2-01\TPV2\TPV2\src\game\Game.cpp(122,52):
  		vea la primera referencia a “SDLUtils::map_access_wrapper<SoundEffect>::at” en “Game::checkCollisions”
  
  JSON.cpp
  JSONValue.cpp
  json_demo.cpp
  main.cpp
  SDLUtils.cpp
  sdlutils_demo.cpp
C:\Users\pk\Desktop\Tpv2-piña\practica01-entrega\TPV2-01\TPV2\TPV2\src\sdlutils\SDLUtils.h(51,32): warning C4101: 'e': variable local sin referencia
  (compilando archivo de origen "src/sdlutils/sdlutils_demo.cpp")
  C:\Users\pk\Desktop\Tpv2-piña\practica01-entrega\TPV2-01\TPV2\TPV2\src\sdlutils\SDLUtils.h(51,32):
  el contexto de creación de instancias de la plantilla (el más antiguo primero) es
  	C:\Users\pk\Desktop\Tpv2-piña\practica01-entrega\TPV2-01\TPV2\TPV2\src\sdlutils\SDLUtils.h(202,28):
  	Vea la referencia a la creación de una instancia de clase plantilla "SDLUtils::map_access_wrapper<Music>" que se está compilando
  	C:\Users\pk\Desktop\Tpv2-piña\practica01-entrega\TPV2-01\TPV2\TPV2\src\sdlutils\SDLUtils.h(48,13):
  	al compilar la función del miembro clase plantilla "T &SDLUtils::map_access_wrapper<T>::at(const std::string &)"
          with
          [
              T=Music
          ]
  		C:\Users\pk\Desktop\Tpv2-piña\practica01-entrega\TPV2-01\TPV2\TPV2\src\sdlutils\sdlutils_demo.cpp(52,30):
  		vea la primera referencia a “SDLUtils::map_access_wrapper<Music>::at” en “sdlutils_basic_demo”
  
  SoundEffect.cpp
  Texture.cpp
  Collisions.cpp
  Vector2D.cpp
  Generando código...
  TPV2.vcxproj -> C:\Users\pk\Desktop\Tpv2-piña\practica01-entrega\TPV2-01\TPV2\bin\TPV2Debug.exe
